<?xml version="1.0" encoding="UTF-8"?>
<!-- Generated by org.testng.reporters.JUnitReportReporter -->
<testsuite hostname="LAPTOP-NBCMIMTO" failures="0" tests="1" name="com.saucedemo.Test.TC05_VerifyLoginByMouseAction" time="3.337" errors="0" timestamp="2024-02-06T12:11:22 IST" skipped="0">
  <testcase classname="com.saucedemo.Test.TC05_VerifyLoginByMouseAction" name="VerifyLoginByMouseAction" time="3.337"/>
  <system-out/>
</testsuite> <!-- com.saucedemo.Test.TC05_VerifyLoginByMouseAction -->
